#
# There is insufficient memory for the Java Runtime Environment to continue.
# Native memory allocation (mmap) failed to map 130023424 bytes for G1 virtual space
# Possible reasons:
#   The system is out of physical RAM or swap space
#   The process is running with CompressedOops enabled, and the Java Heap may be blocking the growth of the native heap
# Possible solutions:
#   Reduce memory load on the system
#   Increase physical memory or swap space
#   Check if swap backing store is full
#   Decrease Java heap size (-Xmx/-Xms)
#   Decrease number of Java threads
#   Decrease Java thread stack sizes (-Xss)
#   Set larger code cache with -XX:ReservedCodeCacheSize=
#   JVM is running with Unscaled Compressed Oops mode in which the Java heap is
#     placed in the first 4GB address space. The Java Heap base address is the
#     maximum limit for the native heap growth. Please use -XX:HeapBaseMinAddress
#     to set the Java Heap base and to place the Java Heap above 4GB virtual address.
# This output file may be truncated or incomplete.
#
#  Out of Memory Error (os_windows.cpp:3603), pid=14880, tid=14960
#
# JRE version:  (21.0.7+8) (build )
# Java VM: Java HotSpot(TM) 64-Bit Server VM (21.0.7+8-LTS-245, mixed mode, sharing, tiered, compressed oops, compressed class ptrs, g1 gc, windows-amd64)
# No core dump will be written. Minidumps are not enabled by default on client versions of Windows
#

---------------  S U M M A R Y ------------

Command Line: -Dnet.bytebuddy.agent.attacher.dump= net.bytebuddy.agent.Attacher com.sun.tools.attach.VirtualMachine 3100 C:\Users\valer\.m2\repository\net\bytebuddy\byte-buddy-agent\1.17.8\byte-buddy-agent-1.17.8.jar false 

Host: Intel(R) Core(TM) i5-1035G1 CPU @ 1.00GHz, 8 cores, 7G,  Windows 11 , 64 bit Build 26100 (10.0.26100.7019)
Time: Thu Nov 13 00:10:19 2025 Hora est. Pacífico, Sudamérica elapsed time: 2.040999 seconds (0d 0h 0m 2s)

---------------  T H R E A D  ---------------

Current thread (0x0000017aaa5f1410):  JavaThread "Unknown thread" [_thread_in_vm, id=14960, stack(0x0000000bef200000,0x0000000bef300000) (1024K)]

Stack: [0x0000000bef200000,0x0000000bef300000]
Native frames: (J=compiled Java code, j=interpreted, Vv=VM code, C=native code)
V  [jvm.dll+0x6cae19]
V  [jvm.dll+0x855741]
V  [jvm.dll+0x857c6e]
V  [jvm.dll+0x858343]
V  [jvm.dll+0x27e0b6]
V  [jvm.dll+0x6c7595]
V  [jvm.dll+0x6bc0fa]
V  [jvm.dll+0x353eaa]
V  [jvm.dll+0x35bb26]
V  [jvm.dll+0x3ae52e]
V  [jvm.dll+0x3ae7d8]
V  [jvm.dll+0x3281bc]
V  [jvm.dll+0x328d1b]
V  [jvm.dll+0x81eaf9]
V  [jvm.dll+0x3bb211]
V  [jvm.dll+0x807d78]
V  [jvm.dll+0x4503ee]
V  [jvm.dll+0x451fe1]
C  [jli.dll+0x52a3]
C  [ucrtbase.dll+0x37b0]
C  [KERNEL32.DLL+0x2e8d7]
C  [ntdll.dll+0x8c53c]


---------------  P R O C E S S  ---------------

Threads class SMR info:
_java_thread_list=0x00007ff947adcc48, length=0, elements={
}

Java Threads: ( => current thread )
Total: 0

Other Threads:
  0x0000017aaa5cff70 WorkerThread "GC Thread#0"                     [id=8688, stack(0x0000000bef300000,0x0000000bef400000) (1024K)]
  0x0000017aaa889d80 ConcurrentGCThread "G1 Main Marker"            [id=15352, stack(0x0000000bef400000,0x0000000bef500000) (1024K)]
  0x0000017aaa5ce9b0 WorkerThread "G1 Conc#0"                       [id=7908, stack(0x0000000bef500000,0x0000000bef600000) (1024K)]

[error occurred during error reporting (printing all threads), id 0xc0000005, EXCEPTION_ACCESS_VIOLATION (0xc0000005) at pc=0x00007ff94724a947]
VM state: not at safepoint (not fully initialized)

VM Mutex/Monitor currently owned by a thread:  ([mutex/lock_event])
[0x00007ff947b4df50] Heap_lock - owner thread: 0x0000017aaa5f1410

Heap address: 0x0000000084c00000, size: 1972 MB, Compressed Oops mode: 32-bit

CDS archive(s) mapped at: [0x0000000000000000-0x0000000000000000-0x0000000000000000), size 0, SharedBaseAddress: 0x0000000800000000, ArchiveRelocationMode: 1.
Narrow klass base: 0x0000000000000000, Narrow klass shift: 0, Narrow klass range: 0x0

GC Precious Log:
 CardTable entry size: 512
 Card Set container configuration: InlinePtr #cards 5 size 8 Array Of Cards #cards 12 size 40 Howl #buckets 4 coarsen threshold 1843 Howl Bitmap #cards 512 size 80 coarsen threshold 460 Card regions per heap region 1 cards per card region 2048

Heap:
 garbage-first heap   total 0K, used 0K [0x0000000084c00000, 0x0000000100000000)
  region size 1024K, 0 young (0K), 0 survivors (0K)

[error occurred during error reporting (printing heap information), id 0xc0000005, EXCEPTION_ACCESS_VIOLATION (0xc0000005) at pc=0x00007ff947633e79]
GC Heap History (0 events):
No events

Dll operation events (1 events):
Event: 0.010 Loaded shared library C:\Program Files\Java\jdk-21\bin\java.dll

Deoptimization events (0 events):
No events

Classes loaded (0 events):
No events

Classes unloaded (0 events):
No events

Classes redefined (0 events):
No events

Internal exceptions (0 events):
No events

ZGC Phase Switch (0 events):
No events

VM Operations (0 events):
No events

Events (0 events):
No events


Dynamic libraries:
0x00007ff7cf1e0000 - 0x00007ff7cf1f0000 	C:\Program Files\Java\jdk-21\bin\java.exe
0x00007ff9db1e0000 - 0x00007ff9db448000 	C:\WINDOWS\SYSTEM32\ntdll.dll
0x00007ff9d97d0000 - 0x00007ff9d9899000 	C:\WINDOWS\System32\KERNEL32.DLL
0x00007ff9d8a10000 - 0x00007ff9d8e08000 	C:\WINDOWS\System32\KERNELBASE.dll
0x00007ff9d8570000 - 0x00007ff9d86bb000 	C:\WINDOWS\System32\ucrtbase.dll
0x00007ff9c7bb0000 - 0x00007ff9c7bc9000 	C:\Program Files\Java\jdk-21\bin\jli.dll
0x00007ff9c7970000 - 0x00007ff9c798b000 	C:\Program Files\Java\jdk-21\bin\VCRUNTIME140.dll
0x00007ff9d91b0000 - 0x00007ff9d9264000 	C:\WINDOWS\System32\ADVAPI32.dll
0x00007ff9da4e0000 - 0x00007ff9da589000 	C:\WINDOWS\System32\msvcrt.dll
0x00007ff9da590000 - 0x00007ff9da636000 	C:\WINDOWS\System32\sechost.dll
0x00007ff9d98a0000 - 0x00007ff9d99b8000 	C:\WINDOWS\System32\RPCRT4.dll
0x00007ff9d9300000 - 0x00007ff9d94c7000 	C:\WINDOWS\System32\USER32.dll
0x00007ff9b9400000 - 0x00007ff9b9694000 	C:\WINDOWS\WinSxS\amd64_microsoft.windows.common-controls_6595b64144ccf1df_6.0.26100.7019_none_3e06ffa0e335b8a8\COMCTL32.dll
0x00007ff9d8ec0000 - 0x00007ff9d8ee7000 	C:\WINDOWS\System32\win32u.dll
0x00007ff9d9ba0000 - 0x00007ff9d9bcb000 	C:\WINDOWS\System32\GDI32.dll
0x00007ff9d86c0000 - 0x00007ff9d87ec000 	C:\WINDOWS\System32\gdi32full.dll
0x00007ff9d87f0000 - 0x00007ff9d8893000 	C:\WINDOWS\System32\msvcp_win.dll
0x00007ff9c6ec0000 - 0x00007ff9c6ecb000 	C:\WINDOWS\SYSTEM32\VERSION.dll
0x00007ff9d94d0000 - 0x00007ff9d9501000 	C:\WINDOWS\System32\IMM32.DLL
0x00007ff9ce5c0000 - 0x00007ff9ce5cc000 	C:\Program Files\Java\jdk-21\bin\vcruntime140_1.dll
0x00007ff9aeb00000 - 0x00007ff9aeb8e000 	C:\Program Files\Java\jdk-21\bin\msvcp140.dll
0x00007ff946f10000 - 0x00007ff947c2a000 	C:\Program Files\Java\jdk-21\bin\server\jvm.dll
0x00007ff9d9740000 - 0x00007ff9d97b4000 	C:\WINDOWS\System32\WS2_32.dll
0x00007ff9d81b0000 - 0x00007ff9d820e000 	C:\WINDOWS\SYSTEM32\POWRPROF.dll
0x00007ff9bb970000 - 0x00007ff9bb9a5000 	C:\WINDOWS\SYSTEM32\WINMM.dll
0x00007ff9d8190000 - 0x00007ff9d81a4000 	C:\WINDOWS\SYSTEM32\UMPDC.dll
0x00007ff9d70b0000 - 0x00007ff9d70cb000 	C:\WINDOWS\SYSTEM32\kernel.appcore.dll
0x00007ff9c7b90000 - 0x00007ff9c7b9a000 	C:\Program Files\Java\jdk-21\bin\jimage.dll
0x00007ff9ce1b0000 - 0x00007ff9ce3f2000 	C:\WINDOWS\SYSTEM32\DBGHELP.DLL
0x00007ff9d9be0000 - 0x00007ff9d9f6b000 	C:\WINDOWS\System32\combase.dll
0x00007ff9d9f70000 - 0x00007ff9da047000 	C:\WINDOWS\System32\OLEAUT32.dll
0x00007ff9b5290000 - 0x00007ff9b52cc000 	C:\WINDOWS\SYSTEM32\dbgcore.DLL
0x00007ff9d8e10000 - 0x00007ff9d8eb5000 	C:\WINDOWS\System32\bcryptPrimitives.dll
0x00007ff9c6920000 - 0x00007ff9c693f000 	C:\Program Files\Java\jdk-21\bin\java.dll

dbghelp: loaded successfully - version: 4.0.5 - missing functions: none
symbol engine: initialized successfully - sym options: 0x614 - pdb path: .;C:\Program Files\Java\jdk-21\bin;C:\WINDOWS\SYSTEM32;C:\WINDOWS\WinSxS\amd64_microsoft.windows.common-controls_6595b64144ccf1df_6.0.26100.7019_none_3e06ffa0e335b8a8;C:\Program Files\Java\jdk-21\bin\server

VM Arguments:
jvm_args: -Dnet.bytebuddy.agent.attacher.dump= 
java_command: net.bytebuddy.agent.Attacher com.sun.tools.attach.VirtualMachine 3100 C:\Users\valer\.m2\repository\net\bytebuddy\byte-buddy-agent\1.17.8\byte-buddy-agent-1.17.8.jar false 
java_class_path (initial): C:\Users\valer\.m2\repository\net\bytebuddy\byte-buddy-agent\1.17.8\byte-buddy-agent-1.17.8.jar
Launcher Type: SUN_STANDARD

[Global flags]
     intx CICompilerCount                          = 4                                         {product} {ergonomic}
     uint ConcGCThreads                            = 2                                         {product} {ergonomic}
     uint G1ConcRefinementThreads                  = 8                                         {product} {ergonomic}
   size_t G1HeapRegionSize                         = 1048576                                   {product} {ergonomic}
    uintx GCDrainStackTargetSize                   = 64                                        {product} {ergonomic}
   size_t InitialHeapSize                          = 130023424                                 {product} {ergonomic}
   size_t MarkStackSize                            = 4194304                                   {product} {ergonomic}
   size_t MaxHeapSize                              = 2067791872                                {product} {ergonomic}
   size_t MinHeapDeltaBytes                        = 1048576                                   {product} {ergonomic}
   size_t MinHeapSize                              = 8388608                                   {product} {ergonomic}
    uintx NonNMethodCodeHeapSize                   = 5839372                                {pd product} {ergonomic}
    uintx NonProfiledCodeHeapSize                  = 122909434                              {pd product} {ergonomic}
    uintx ProfiledCodeHeapSize                     = 122909434                              {pd product} {ergonomic}
    uintx ReservedCodeCacheSize                    = 251658240                              {pd product} {ergonomic}
     bool SegmentedCodeCache                       = true                                      {product} {ergonomic}
   size_t SoftMaxHeapSize                          = 2067791872                             {manageable} {ergonomic}
     bool UseCompressedOops                        = true                           {product lp64_product} {ergonomic}
     bool UseG1GC                                  = true                                      {product} {ergonomic}
     bool UseLargePagesIndividualAllocation        = false                                  {pd product} {ergonomic}

Logging:
Log output configuration:
 #0: stdout all=warning uptime,level,tags foldmultilines=false
 #1: stderr all=off uptime,level,tags foldmultilines=false

Environment Variables:
JAVA_HOME=C:\Program Files\Java\jdk-17
PATH=C:\Program Files\Common Files\Oracle\Java\javapath;C:\app\valer\product\21c\dbhomeXE\bin;C:\Program Files\Eclipse Adoptium\jdk-21.0.4.7-hotspot\bin;C:\Program Files\Eclipse Adoptium\jdk-8.0.422.5-hotspot\bin;C:\WINDOWS\system32;C:\WINDOWS;C:\WINDOWS\System32\Wbem;C:\WINDOWS\System32\WindowsPowerShell\v1.0\;C:\WINDOWS\System32\OpenSSH\;C:\Program Files\Java\jdk-17\bin;C:\Maven\apache-maven-3.9.9\bin;C:\Program Files\Git\cmd;C:\Program Files\nodejs\;;C:\Program Files\Docker\Docker\resources\bin;C:\Users\valer\AppData\Local\Programs\Python\Launcher\;C:\Users\valer\AppData\Local\Microsoft\WindowsApps;C:\Users\valer\AppData\Local\Programs\Microsoft VS Code\bin;C:\Users\valer\AppData\Roaming\npm;C:\Program Files\JetBrains\IntelliJ IDEA 2025.2.1\bin;C:\Program Files (x86)\MongoDB CLI\
USERNAME=valer
OS=Windows_NT
PROCESSOR_IDENTIFIER=Intel64 Family 6 Model 126 Stepping 5, GenuineIntel
TMP=C:\Users\valer\AppData\Local\Temp
TEMP=C:\Users\valer\AppData\Local\Temp




Periodic native trim disabled

---------------  S Y S T E M  ---------------

OS:
 Windows 11 , 64 bit Build 26100 (10.0.26100.7019)
OS uptime: 0 days 4:52 hours
Hyper-V role detected

CPU: total 8 (initial active 8) (4 cores per cpu, 2 threads per core) family 6 model 126 stepping 5 microcode 0xa0, cx8, cmov, fxsr, ht, mmx, 3dnowpref, sse, sse2, sse3, ssse3, sse4.1, sse4.2, popcnt, lzcnt, tsc, tscinvbit, avx, avx2, aes, erms, clmul, bmi1, bmi2, adx, avx512f, avx512dq, avx512cd, avx512bw, avx512vl, sha, fma, vzeroupper, avx512_vpopcntdq, avx512_vpclmulqdq, avx512_vaes, avx512_vnni, clflush, clflushopt, avx512_vbmi2, avx512_vbmi, hv, rdtscp, rdpid, fsrm, gfni, avx512_bitalg, f16c, avx512_ifma
Processor Information for all 8 processors :
  Max Mhz: 1190, Current Mhz: 991, Mhz Limit: 987

Memory: 4k page, system-wide physical 7880M (501M free)
TotalPageFile size 16072M (AvailPageFile size 74M)
current process WorkingSet (physical memory assigned to process): 12M, peak: 12M
current process commit charge ("private bytes"): 60M, peak: 184M

vm_info: Java HotSpot(TM) 64-Bit Server VM (21.0.7+8-LTS-245) for windows-amd64 JRE (21.0.7+8-LTS-245), built on 2025-02-21T05:11:27Z by "mach5one" with MS VC++ 17.6 (VS2022)

END.
